Flow report for NIOS2
Thu Nov 28 13:52:32 2019
Quartus Prime Version 18.1.0 Build 625 09/12/2018 SJ Lite Edition


---------------------
; Table of Contents ;
---------------------
  1. Legal Notice
  2. Flow Summary
  3. Flow Settings
  4. Flow Non-Default Global Settings
  5. Flow Elapsed Time
  6. Flow OS Summary
  7. Flow Log
  8. Flow Messages
  9. Flow Suppressed Messages



----------------
; Legal Notice ;
----------------
Copyright (C) 2018  Intel Corporation. All rights reserved.
Your use of Intel Corporation's design tools, logic functions 
and other software and tools, and its AMPP partner logic 
functions, and any output files from any of the foregoing 
(including device programming or simulation files), and any 
associated documentation or information are expressly subject 
to the terms and conditions of the Intel Program License 
Subscription Agreement, the Intel Quartus Prime License Agreement,
the Intel FPGA IP License Agreement, or other applicable license
agreement, including, without limitation, that your use is for
the sole purpose of programming logic devices manufactured by
Intel and sold by Intel or its authorized distributors.  Please
refer to the applicable agreement for further details.



+----------------------------------------------------------------------------------+
; Flow Summary                                                                     ;
+------------------------------------+---------------------------------------------+
; Flow Status                        ; Successful - Thu Nov 28 13:52:15 2019       ;
; Quartus Prime Version              ; 18.1.0 Build 625 09/12/2018 SJ Lite Edition ;
; Revision Name                      ; NIOS2                                       ;
; Top-level Entity Name              ; NIOS2                                       ;
; Family                             ; Cyclone IV E                                ;
; Device                             ; EP4CE115F29C7                               ;
; Timing Models                      ; Final                                       ;
; Total logic elements               ; 55,742 / 114,480 ( 49 % )                   ;
;     Total combinational functions  ; 52,993 / 114,480 ( 46 % )                   ;
;     Dedicated logic registers      ; 7,611 / 114,480 ( 7 % )                     ;
; Total registers                    ; 7730                                        ;
; Total pins                         ; 132 / 529 ( 25 % )                          ;
; Total virtual pins                 ; 0                                           ;
; Total memory bits                  ; 155,968 / 3,981,312 ( 4 % )                 ;
; Embedded Multiplier 9-bit elements ; 454 / 532 ( 85 % )                          ;
; Total PLLs                         ; 2 / 4 ( 50 % )                              ;
+------------------------------------+---------------------------------------------+


+-----------------------------------------+
; Flow Settings                           ;
+-------------------+---------------------+
; Option            ; Setting             ;
+-------------------+---------------------+
; Start date & time ; 11/28/2019 13:37:57 ;
; Main task         ; Compilation         ;
; Revision Name     ; NIOS2               ;
+-------------------+---------------------+


+--------------------------------------------------------------------------------------------------------------------------------------------------------------+
; Flow Non-Default Global Settings                                                                                                                             ;
+--------------------------------------+--------------------------------------------------------------+---------------+-----------------+----------------------+
; Assignment Name                      ; Value                                                        ; Default Value ; Entity Name     ; Section Id           ;
+--------------------------------------+--------------------------------------------------------------+---------------+-----------------+----------------------+
; COMPILER_SIGNATURE_ID                ; 123719794671020.157495907714661                              ; --            ; --              ; --                   ;
; CYCLONEII_OPTIMIZATION_TECHNIQUE     ; Speed                                                        ; Balanced      ; --              ; --                   ;
; EDA_DESIGN_ENTRY_SYNTHESIS_TOOL      ; Precision Synthesis                                          ; <None>        ; berbert_knn.vhd ; --                   ;
; EDA_INPUT_DATA_FORMAT                ; Vqm                                                          ; --            ; berbert_knn.vhd ; eda_design_synthesis ;
; EDA_INPUT_GND_NAME                   ; Gnd                                                          ; --            ; berbert_knn.vhd ; eda_design_synthesis ;
; EDA_INPUT_VCC_NAME                   ; Vcc                                                          ; --            ; berbert_knn.vhd ; eda_design_synthesis ;
; EDA_LMF_FILE                         ; mentor.lmf                                                   ; --            ; berbert_knn.vhd ; eda_design_synthesis ;
; EDA_OUTPUT_DATA_FORMAT               ; None                                                         ; --            ; --              ; eda_simulation       ;
; EDA_RUN_TOOL_AUTOMATICALLY           ; Off                                                          ; --            ; berbert_knn.vhd ; eda_design_synthesis ;
; EDA_SHOW_LMF_MAPPING_MESSAGES        ; Off                                                          ; --            ; berbert_knn.vhd ; eda_design_synthesis ;
; EDA_TIME_SCALE                       ; 1 ps                                                         ; --            ; --              ; eda_simulation       ;
; FITTER_EFFORT                        ; Standard Fit                                                 ; Auto Fit      ; --              ; --                   ;
; MAX_CORE_JUNCTION_TEMP               ; 85                                                           ; --            ; --              ; --                   ;
; MIN_CORE_JUNCTION_TEMP               ; 0                                                            ; --            ; --              ; --                   ;
; MISC_FILE                            ; NIOS2_DESIGN/nios2_sopc/synthesis/../nios2_sopc.cmp          ; --            ; --              ; --                   ;
; MISC_FILE                            ; NIOS2_DESIGN/nios2_sopc/synthesis/../../nios2_sopc.qsys      ; --            ; --              ; --                   ;
; MISC_FILE                            ; NIOS2_PLL/nios2_pll0.bsf                                     ; --            ; --              ; --                   ;
; MISC_FILE                            ; NIOS2_PLL/nios2_pll0_bb.v                                    ; --            ; --              ; --                   ;
; MISC_FILE                            ; NIOS2_PLL/nios2_pll0.ppf                                     ; --            ; --              ; --                   ;
; NOMINAL_CORE_SUPPLY_VOLTAGE          ; 1.2V                                                         ; --            ; --              ; --                   ;
; NUM_PARALLEL_PROCESSORS              ; All                                                          ; --            ; --              ; --                   ;
; OPTIMIZATION_MODE                    ; High Performance Effort                                      ; Balanced      ; --              ; --                   ;
; PARTITION_COLOR                      ; -- (Not supported for targeted family)                       ; --            ; --              ; Top                  ;
; PARTITION_FITTER_PRESERVATION_LEVEL  ; -- (Not supported for targeted family)                       ; --            ; --              ; Top                  ;
; PARTITION_NETLIST_TYPE               ; -- (Not supported for targeted family)                       ; --            ; --              ; Top                  ;
; PHYSICAL_SYNTHESIS_COMBO_LOGIC       ; On                                                           ; Off           ; --              ; --                   ;
; PHYSICAL_SYNTHESIS_REGISTER_RETIMING ; On                                                           ; Off           ; --              ; --                   ;
; PLACEMENT_EFFORT_MULTIPLIER          ; 8                                                            ; 1.0           ; --              ; --                   ;
; POWER_BOARD_THERMAL_MODEL            ; None (CONSERVATIVE)                                          ; --            ; --              ; --                   ;
; POWER_PRESET_COOLING_SOLUTION        ; 23 MM HEAT SINK WITH 200 LFPM AIRFLOW                        ; --            ; --              ; --                   ;
; PROJECT_OUTPUT_DIRECTORY             ; output_files                                                 ; --            ; --              ; --                   ;
; ROUTER_EFFORT_MULTIPLIER             ; 2                                                            ; 1.0           ; --              ; --                   ;
; ROUTER_TIMING_OPTIMIZATION_LEVEL     ; MAXIMUM                                                      ; Normal        ; --              ; --                   ;
; SAFE_STATE_MACHINE                   ; On                                                           ; Off           ; --              ; --                   ;
; SLD_FILE                             ; NIOS2_DESIGN/nios2_sopc/synthesis/nios2_sopc.regmap          ; --            ; --              ; --                   ;
; SLD_FILE                             ; NIOS2_DESIGN/nios2_sopc/synthesis/nios2_sopc.debuginfo       ; --            ; --              ; --                   ;
; SLD_INFO                             ; QSYS_NAME nios2_sopc HAS_SOPCINFO 1 GENERATION_ID 1568934332 ; --            ; nios2_sopc      ; --                   ;
; SMART_RECOMPILE                      ; On                                                           ; Off           ; --              ; --                   ;
; SOPCINFO_FILE                        ; NIOS2_DESIGN/nios2_sopc/synthesis/../../nios2_sopc.sopcinfo  ; --            ; --              ; --                   ;
; SYNTHESIS_ONLY_QIP                   ; On                                                           ; --            ; --              ; --                   ;
; SYNTH_PROTECT_SDC_CONSTRAINT         ; On                                                           ; Off           ; --              ; --                   ;
; VHDL_INPUT_VERSION                   ; VHDL_2008                                                    ; VHDL_1993     ; --              ; --                   ;
; VHDL_SHOW_LMF_MAPPING_MESSAGES       ; Off                                                          ; --            ; --              ; --                   ;
+--------------------------------------+--------------------------------------------------------------+---------------+-----------------+----------------------+


+--------------------------------------------------------------------------------------------------------------------------+
; Flow Elapsed Time                                                                                                        ;
+----------------------+--------------+-------------------------+---------------------+------------------------------------+
; Module Name          ; Elapsed Time ; Average Processors Used ; Peak Virtual Memory ; Total CPU Time (on all processors) ;
+----------------------+--------------+-------------------------+---------------------+------------------------------------+
; Analysis & Synthesis ; 00:05:19     ; 1.0                     ; 1827 MB             ; 00:06:24                           ;
; Fitter               ; 00:08:35     ; 1.0                     ; 2567 MB             ; 00:19:55                           ;
; Assembler            ; 00:00:06     ; 1.0                     ; 1183 MB             ; 00:00:07                           ;
; Timing Analyzer      ; 00:00:16     ; 1.4                     ; 1486 MB             ; 00:00:20                           ;
; Total                ; 00:14:16     ; --                      ; --                  ; 00:26:46                           ;
+----------------------+--------------+-------------------------+---------------------+------------------------------------+


+-------------------------------------------------------------------------------------------+
; Flow OS Summary                                                                           ;
+----------------------+-----------------------+-------------+-------------+----------------+
; Module Name          ; Machine Hostname      ; OS Name     ; OS Version  ; Processor type ;
+----------------------+-----------------------+-------------+-------------+----------------+
; Analysis & Synthesis ; localhost.localdomain ; Fedora Core ; Fedora Core ; x86_64         ;
; Fitter               ; localhost.localdomain ; Fedora Core ; Fedora Core ; x86_64         ;
; Assembler            ; localhost.localdomain ; Fedora Core ; Fedora Core ; x86_64         ;
; Timing Analyzer      ; localhost.localdomain ; Fedora Core ; Fedora Core ; x86_64         ;
+----------------------+-----------------------+-------------+-------------+----------------+


------------
; Flow Log ;
------------
quartus_map --read_settings_files=on --write_settings_files=off NIOS2 -c NIOS2
quartus_fit --read_settings_files=off --write_settings_files=off NIOS2 -c NIOS2
quartus_asm --read_settings_files=off --write_settings_files=off NIOS2 -c NIOS2
quartus_sta NIOS2 -c NIOS2



